<?xml version="1.0" encoding="UTF-8"?>
<!-- Generated by org.testng.reporters.JUnitXMLReporter -->
<testsuite ignored="0" hostname="DESKTOP-D862IQ3" failures="0" tests="7" name="Default test" time="0.19" errors="0" timestamp="2023-01-30T13:47:53 IST">
  <testcase classname="testNGtest.testngKeywords" name="testsujay" time="0.012"/>
  <testcase classname="testNGtest.testngKeywords" name="testwadkar" time="0.006"/>
  <testcase classname="testNGtest.testngKeywords" name="testprakashrao" time="0.005"/>
  <testcase classname="testNGtest.testngKeywords" name="testpranita" time="0.003"/>
  <testcase classname="testNGtest.testngKeywords" name="testpranita" time="0.002"/>
  <testcase classname="testNGtest.testngKeywords" name="testpranita" time="0.002"/>
  <testcase classname="testNGtest.testngKeywords" name="testpranita" time="0.002"/>
</testsuite> <!-- Default test -->
