<?xml version="1.0" encoding="UTF-8"?>
<!-- Generated by org.testng.reporters.JUnitXMLReporter -->
<testsuite ignored="1" hostname="DESKTOP-D862IQ3" failures="0" tests="4" name="Test" time="0.176" errors="0" timestamp="2023-01-30T14:19:36 IST">
  <testcase classname="testNGtest.trialTestclass" name="test" time="0.011"/>
  <testcase classname="testNGtest.testngKeywords" name="testsujay" time="0.002"/>
  <testcase classname="testNGtest.testngKeywords" name="testwadkar" time="0.003"/>
  <testcase classname="testNGtest.testngKeywords" name="testprakashrao" time="0.003"/>
  <testcase classname="testNGtest.testngKeywords" name="testpranita" time="0.0">
    <ignored/>
  </testcase> <!-- testpranita -->
</testsuite> <!-- Test -->
